ProjectFirstClass 5.6/Intermediate/Android/gradle/app/build/outputs/mapping/release/configuration.txt
# The proguard configuration file for the following section is default_proguard_files\global\proguard-android.txt-8.5.2
# This is a configuration file for ProGuard.
# http://proguard.sourceforge.net/index.html#manual/usage.html
#
# Starting with version 2.2 of the Android plugin for Gradle, this file is distributed together with
# the plugin and unpacked at build-time. The files in $ANDROID_HOME are no longer maintained and
# will be ignored by new version of the Android plugin for Gradle.

# Optimization is turned off by default. Dex does not like code run
# through the ProGuard optimize steps (and performs some
# of these optimizations on its own).
# Note that if you want to enable optimization, you cannot just
# include optimization flags in your own project configuration file;
# instead you will need to point to the
# "proguard-android-optimize.txt" file instead of this one from your
# project.properties file.
-dontoptimize

# Preserve some attributes that may be required for reflection.
-keepattributes AnnotationDefault,
                EnclosingMethod,
                InnerClasses,
                RuntimeVisibleAnnotations,
                RuntimeVisibleParameterAnnotations,
                RuntimeVisibleTypeAnnotations,
                Signature

-keep public class com.google.vending.licensing.ILicensingService
-keep public class com.android.vending.licensing.ILicensingService
-keep public class com.google.android.vending.licensing.ILicensingService
-dontnote com.android.vending.licensing.ILicensingService
-dontnote com.google.vending.licensing.ILicensingService
-dontnote com.google.android.vending.licensing.ILicensingService

# For native methods, see https://www.guardsquare.com/manual/configuration/examples#native
-keepclasseswithmembernames,includedescriptorclasses class * {
    native <methods>;
}

# Keep setters in Views so that animations can still work.
-keepclassmembers public class * extends android.view.View {
    void set*(***);
    *** get*();
}

# We want to keep methods in Activity that could be used in the XML attribute onClick.
-keepclassmembers class * extends android.app.Activity {
    public void *(android.view.View);
}

# For enumeration classes, see https://www.guardsquare.com/manual/configuration/examples#enumerations
-keepclassmembers enum * {
    public static **[] values();
    public static ** valueOf(java.lang.String);
}

-keepclassmembers class * implements android.os.Parcelable {
    public static final ** CREATOR;
}

# Preserve annotated Javascript interface methods.
-keepclassmembers class * {
    @android.webkit.JavascriptInterface <methods>;
}

# The support libraries contains references to newer platform versions.
# Don't warn about those in case this app is linking against an older
# platform version. We know about them, and they are safe.
-dontnote android.support.**
-dontnote androidx.**
-dontwarn android.support.**
-dontwarn androidx.**

# Understand the @Keep support annotation.
-keep class android.support.annotation.Keep

-keep @android.support.annotation.Keep class * {*;}

-keepclasseswithmembers class * {
    @android.support.annotation.Keep <methods>;
}

-keepclasseswithmembers class * {
    @android.support.annotation.Keep <fields>;
}

-keepclasseswithmembers class * {
    @android.support.annotation.Keep <init>(...);
}

# These classes are duplicated between android.jar and org.apache.http.legacy.jar.
-dontnote org.apache.http.**
-dontnote android.net.http.**

# These classes are duplicated between android.jar and core-lambda-stubs.jar.
-dontnote java.lang.invoke.**

# End of content from default_proguard_files\global\proguard-android.txt-8.5.2
# The proguard configuration file for the following section is proguard-rules.pro
# To enable ProGuard in your project, edit project.properties
# to define the proguard.config property as described in that file.
#
# Add project specific ProGuard rules here.
# By default, the flags in this file are appended to flags specified
# in ${sdk.dir}/tools/proguard/proguard-android.txt
# You can edit the include path and order by changing the ProGuard
# include property in project.properties.
#
# For more details, see
#   http://developer.android.com/guide/developing/tools/proguard.html

# Add any project specific keep options here:

# Needed to keep the JNI functions around
-keepclassmembers class com.epicgames.unreal.GameActivity {
	public *;
}
-keep class * extends android.media.MediaPlayer {
	public *;
}
-keep class com.epicgames.unreal.MediaPlayer14 {
	public *;
}
-keep class com.epicgames.unreal.VideoDecoder {
	public *;
}
-keep class com.epicgames.unreal.AudioDecoder {
	public *;
}
-keep class com.epicgames.unreal.MessageBox01 {
	public *;
}
-keep class com.epicgames.unreal.WebViewControl {
	public *;
}
-keep class com.epicgames.unreal.BatteryReceiver {
	public *;
}
-keep class com.epicgames.unreal.HeadsetReceiver {
	public *;
}
-keep class com.epicgames.unreal.VolumeReceiver {
	public *;
}
-keep class com.epicgames.unreal.LocalNotificationReceiver {
	public *;
}
-keep class com.epicgames.unreal.CellularReceiver {
	public *;
}
-keep class com.epicgames.unreal.MulticastBroadcastReceiver {
	public *;
}
-keep class com.epicgames.unreal.GameControllerManager {
	public *;
}
-keep class com.epicgames.unreal.BitmapRendererImageReader {
	public *;
}
-keep class com.epicgames.unreal.BitmapRendererLegacy {
	public *;
}
-keep class com.epicgames.unreal.BitmapRenderer$FrameData {
	public *;
}
# Needed...

-keep class com.epicgames.unreal.GameActivity$LaunchNotification {
	public *;
}

-keep class com.epicgames.unreal.GameActivity$InputDeviceInfo {
	public *;
}
-keep class com.epicgames.unreal.GameActivity$JavaAchievement {
	public *;
}
-keep class com.epicgames.unreal.MediaPlayer14$FrameUpdateInfo {
	public *;
}
-keep class com.epicgames.unreal.MediaPlayer14$AudioTrackInfo {
	public *;
}
-keep class com.epicgames.unreal.MediaPlayer14$CaptionTrackInfo {
	public *;
}
-keep class com.epicgames.unreal.MediaPlayer14$VideoTrackInfo {
	public *;
}

-keep class com.epicgames.unreal.WebViewControl {
	public *;
}
-keep class com.epicgames.unreal.WebViewControl$ViewClient {
	public *;
}
-keep class com.epicgames.unreal.WebViewControl$ChromeClient {
	public *;
}

-keep class com.epicgames.unreal.WebViewControl$ViewClient {
	public *;
}

-keep class com.epicgames.unreal.WebViewControl$ChromeClient {
	public *;
}

-keep class com.epicgames.unreal.WebViewControl$FrameUpdateInfo {
	public *;
}

-keep class com.epicgames.unreal.VideoDecoder$FrameUpdateInfo {
	public *;
}

# If your project uses WebView with JS, uncomment the following
# and specify the fully qualified class name to the JavaScript interface
# class:
#-keepclassmembers class fqcn.of.javascript.interface.for.webview {
#   public *;
#}

# Proguard flags for consumers of the Google Play services SDK
# https://developers.google.com/android/guides/setup#add_google_play_services_to_your_project

-keep class * extends java.util.ListResourceBundle {
	protected Object[][] getContents();
}

# Keep SafeParcelable value, needed for reflection. This is required to support backwards
# compatibility of some classes.
-keep public class com.google.android.gms.common.internal.safeparcel.SafeParcelable {
	public static final *** NULL;
}

# Needed for Parcelable/SafeParcelable classes & their creators to not get renamed, as they are
# found via reflection.
-keepnames class * implements android.os.Parcelable
-keepclassmembers class * implements android.os.Parcelable {
	public static final *** CREATOR;
}

# Keep the classes/members we need for client functionality.
-keep @interface androidx.annotation.Keep
-keep @androidx.annotation.Keep class *
-keepclasseswithmembers class * {
	@androidx.annotation.Keep <fields>;
}
-keepclasseswithmembers class * {
	@androidx.annotation.Keep <methods>;
}

# Keep the names of classes/members we need for client functionality.
-keep @interface com.google.android.gms.common.annotation.KeepName
-keepnames @com.google.android.gms.common.annotation.KeepName class *
-keepclassmembernames class * {
	@com.google.android.gms.common.annotation.KeepName *;
}

# Keep Dynamite API entry points
-keep @interface com.google.android.gms.common.util.DynamiteApi
-keep public @com.google.android.gms.common.util.DynamiteApi class * {
	public <fields>;
	public <methods>;
}

# Keep @UsedByReflection and @UsedByNative
-keep class com.google.android.apps.common.proguard.UsedBy*
-keep @com.google.android.apps.common.proguard.UsedBy* class *
-keepclassmembers class * {
	@com.google.android.apps.common.proguard.UsedBy* *;
}

# Needed when building against pre-Marshmallow SDK.
-dontwarn android.security.NetworkSecurityPolicy

# Needed when building against Marshmallow SDK.
-dontwarn android.app.Notification

# End Google Play services requirements

# Additional Google Play Services that seems to be needed
-keep class com.google.android.gms.games.NativeSdkCallbacks {
	*;
}
-keep public class com.google.android.gms.**
{
	public *;
}
-dontwarn com.google.android.gms.**

# Google Play Admob
-keep public class com.google.android.gms.ads.** {
	public *;
}

-keep public class com.google.ads.** {
	public *;
}

# Google Play Billing Services for In-App Purchases
-keep class com.android.vending.billing.** {
	*;
}

-keep class com.android.vending.licensing.** {
	*;
}

-keep class com.google.vending.licensing.** {
	*;
}

-keep class epicgames.ue4.StoreHelper.** {
	public *;
}

-keep class epicgames.ue4.GooglePlayStoreHelper.** {
	public *;
}

-keep class com.epicgames.unreal.psoservices.PSOProgramServiceAccessor$JNIProgramLinkResponse 
{
	*;
}

-keepclassmembers, allowoptimization class com.epicgames.unreal.psoservices.PSOProgramServiceAccessor
{
    public static *** AndroidThunkJava_*(...);
}

-dontwarn com.google.vr.cardboard.AndroidNCompat
-dontwarn com.google.vr.cardboard.StoragePermissionUtils
-dontwarn sun.misc.Unsafe
			-keep class com.google.vr.sdk.samples.permission.** {
				*;
			}
					-keep class com.epicgames.unreal.androidprofiling.ProfilerAccessor {
					public *;
					}

# End of content from proguard-rules.pro
# The proguard configuration file for the following section is proguard\common.pgcfg
# Copyright 2018 Google LLC
#
# The Google Play Core Library is licensed to you under the Play Core Software
# Development Kit Terms of Service
# (https://developer.android.com/guide/playcore/license.html).
# By using the Google Play Core Library, you agree to the Play Core Software
# Development Kit Terms of Service.

# Play Core Proguard Rules: Play Core Common (always include this config)

-keep class com.google.android.play.core.common.IntentSenderForResultStarter {
    public void startIntentSenderForResult(android.content.IntentSender, int, android.content.Intent, int, int, int, android.os.Bundle);
}

-keep class com.google.android.play.core.common.LocalTestingException {
}

-keep class com.google.android.play.core.listener.StateUpdatedListener {
    public abstract void onStateUpdate(java.lang.Object);
}

-dontwarn com.google.android.gms.common.**
# End of content from proguard\common.pgcfg
# The proguard configuration file for the following section is proguard\app_update.pgcfg
# Copyright 2018 Google LLC
#
# The Google Play Core Library is licensed to you under the Play Core Software
# Development Kit Terms of Service
# (https://developer.android.com/guide/playcore/license.html).
# By using the Google Play Core Library, you agree to the Play Core Software
# Development Kit Terms of Service.

# Play Core Proguard Rules: Play In-app Update

-keep class com.google.android.play.core.appupdate.AppUpdateInfo {
    public java.lang.String packageName();
    public int availableVersionCode();
    public int updateAvailability();
    public int installStatus();
    public boolean isUpdateTypeAllowed(com.google.android.play.core.appupdate.AppUpdateOptions);
    public boolean isUpdateTypeAllowed(int);
    public int updatePriority();
    public long bytesDownloaded();
    public long totalBytesToDownload();
    public java.lang.Integer clientVersionStalenessDays();
    public java.util.Set getFailedUpdatePreconditions(com.google.android.play.core.appupdate.AppUpdateOptions);
}

-keep class com.google.android.play.core.appupdate.AppUpdateManager {
    public abstract void registerListener(com.google.android.play.core.install.InstallStateUpdatedListener);
    public abstract void unregisterListener(com.google.android.play.core.install.InstallStateUpdatedListener);

    public abstract com.google.android.gms.tasks.Task completeUpdate();
    public abstract com.google.android.gms.tasks.Task getAppUpdateInfo();
    public com.google.android.gms.tasks.Task startUpdateFlow(com.google.android.play.core.appupdate.AppUpdateInfo, android.app.Activity, com.google.android.play.core.appupdate.AppUpdateOptions);
    public boolean startUpdateFlowForResult(com.google.android.play.core.appupdate.AppUpdateInfo, int, android.app.Activity, int);
    public boolean startUpdateFlowForResult(com.google.android.play.core.appupdate.AppUpdateInfo, int, com.google.android.play.core.common.IntentSenderForResultStarter, int);
    public boolean startUpdateFlowForResult(com.google.android.play.core.appupdate.AppUpdateInfo, android.app.Activity, com.google.android.play.core.appupdate.AppUpdateOptions, int);
    public boolean startUpdateFlowForResult(com.google.android.play.core.appupdate.AppUpdateInfo, com.google.android.play.core.common.IntentSenderForResultStarter, com.google.android.play.core.appupdate.AppUpdateOptions, int);
    public boolean startUpdateFlowForResult(com.google.android.play.core.appupdate.AppUpdateInfo, androidx.activity.result.ActivityResultLauncher, com.google.android.play.core.appupdate.AppUpdateOptions);
}

-keep class com.google.android.play.core.appupdate.AppUpdateManagerFactory {
    <init>();

    public static com.google.android.play.core.appupdate.AppUpdateManager create(android.content.Context);
}

-keep class com.google.android.play.core.appupdate.AppUpdateOptions {
    public abstract boolean allowAssetPackDeletion();
    public abstract int appUpdateType();
    public static com.google.android.play.core.appupdate.AppUpdateOptions$Builder newBuilder(int);
    public static com.google.android.play.core.appupdate.AppUpdateOptions defaultOptions(int);
}

-keep class com.google.android.play.core.appupdate.AppUpdateOptions$Builder {
    public abstract com.google.android.play.core.appupdate.AppUpdateOptions$Builder setAllowAssetPackDeletion(boolean);
    public abstract com.google.android.play.core.appupdate.AppUpdateOptions$Builder setAppUpdateType(int);
    public abstract com.google.android.play.core.appupdate.AppUpdateOptions build();
}

-keep class com.google.android.play.core.appupdate.testing.FakeAppUpdateManager {
    public <init>(android.content.Context);

    public void registerListener(com.google.android.play.core.install.InstallStateUpdatedListener);
    public void unregisterListener(com.google.android.play.core.install.InstallStateUpdatedListener);

    public com.google.android.gms.tasks.Task completeUpdate();
    public com.google.android.gms.tasks.Task getAppUpdateInfo();
    public boolean startUpdateFlowForResult(com.google.android.play.core.appupdate.AppUpdateInfo, int, android.app.Activity, int);
    public boolean startUpdateFlowForResult(com.google.android.play.core.appupdate.AppUpdateInfo, int, com.google.android.play.core.common.IntentSenderForResultStarter, int);
    public boolean startUpdateFlowForResult(com.google.android.play.core.appupdate.AppUpdateInfo, androidx.activity.result.ActivityResultLauncher, com.google.android.play.core.appupdate.AppUpdateOptions);

    public void setUpdateAvailable(int);
    public void setUpdateAvailable(int, int);
    public void setUpdateNotAvailable();
    public void setInstallErrorCode(int);

    public void userAcceptsUpdate();
    public void userRejectsUpdate();

    public void downloadStarts();
    public void downloadCompletes();
    public void userCancelsDownload();
    public void downloadFails();

    public void installCompletes();
    public void installFails();

    public boolean isConfirmationDialogVisible();
    public boolean isImmediateFlowVisible();
    public boolean isInstallSplashScreenVisible();
    public java.lang.Integer getTypeForUpdateInProgress();

    public void setClientVersionStalenessDays(java.lang.Integer);
    public void setTotalBytesToDownload(long);
    public void setBytesDownloaded(long);
    public void setUpdatePriority(int);
}

-keep class com.google.android.play.core.install.InstallException {
    public int getErrorCode();
}

-keep class com.google.android.play.core.install.InstallState {
    public int installErrorCode();
    public int installStatus();
    public java.lang.String packageName();
    public long bytesDownloaded();
    public long totalBytesToDownload();
}

-keep class com.google.android.play.core.install.InstallStateUpdatedListener {
   <init>();

   public void onStateUpdate(com.google.android.play.core.install.InstallState);
}

-keep class com.google.android.play.core.install.NativeInstallStateUpdateListener {
    <init>();

    public void onStateUpdate(com.google.android.play.core.install.InstallState);
}

-keep class com.google.android.play.core.install.model.ActivityResult {
    public static int RESULT_IN_APP_UPDATE_FAILED;
}

-keep class com.google.android.play.core.install.model.AppUpdateType {
    public static int FLEXIBLE;
    public static int IMMEDIATE;
}

-keep class com.google.android.play.core.install.model.InstallErrorCode {
    public static int NO_ERROR;
    public static int NO_ERROR_PARTIALLY_ALLOWED;
    public static int ERROR_API_NOT_AVAILABLE;
    public static int ERROR_APP_NOT_OWNED;
    public static int ERROR_DOWNLOAD_NOT_PRESENT;
    public static int ERROR_INSTALL_NOT_ALLOWED;
    public static int ERROR_INSTALL_UNAVAILABLE;
    public static int ERROR_INTERNAL_ERROR;
    public static int ERROR_INVALID_REQUEST;
    public static int ERROR_PLAY_STORE_NOT_FOUND;
    public static int ERROR_UNKNOWN;
}

-keep class com.google.android.play.core.install.model.InstallStatus {
    public static int CANCELED;
    public static int DOWNLOADED;
    public static int DOWNLOADING;
    public static int FAILED;
    public static int INSTALLED;
    public static int INSTALLING;
    public static int PENDING;
    public static int REQUIRES_UI_INTENT;
    public static int UNKNOWN;
}

-keep class com.google.android.play.core.install.model.UpdateAvailability {
    public static int UNKNOWN;
    public static int UPDATE_AVAILABLE;
    public static int UPDATE_NOT_AVAILABLE;
    public static int DEVELOPER_TRIGGERED_UPDATE_IN_PROGRESS;
}

-keep class com.google.android.play.core.install.model.UpdatePrecondition {
    public static int UNKNOWN;
    public static int CANNOT_DISPLAY;
    public static int NEED_STORE_TO_PROCEED;
    public static int INSUFFICIENT_STORAGE;
    public static int DEVICE_STATUS;
    public static int APP_VERSION_FRESH;
}

# End of content from proguard\app_update.pgcfg
# The proguard configuration file for the following section is proguard\asset_delivery.pgcfg
# Copyright 2019 Google LLC
#
# The Google Play Core Library is licensed to you under the Play Core Software
# Development Kit Terms of Service
# (https://developer.android.com/guide/playcore/license.html).
# By using the Google Play Core Library, you agree to the Play Core Software
# Development Kit Terms of Service.
