ProjectFirstClass 5.6/Intermediate/Android/gradle/app/build/outputs/mapping/release/seeds.txt
com.google.android.gms.fido.u2f.api.common.ErrorCode: com.google.android.gms.fido.u2f.api.common.ErrorCode OTHER_ERROR
com.google.android.gms.internal.drive.zznm: com.google.android.gms.internal.drive.zznm zzxj
com.google.android.gms.auth.api.R$styleable: int[] ColorStateListItem
com.google.android.gms.internal.games_v2.zzdv: boolean zza
com.google.android.gms.internal.play_billing.zzie: com.google.android.gms.internal.play_billing.zzie zzbl
com.google.android.gms.fido.fido2.api.common.TokenBinding: android.os.Parcelable$Creator CREATOR
com.google.android.gms.auth.api.R$id: int auto
com.google.android.gms.fido.fido2.api.common.RSAAlgorithm: com.google.android.gms.fido.fido2.api.common.RSAAlgorithm PS512
com.google.android.gms.internal.games_v2.zzfh: boolean zzb
com.google.android.gms.internal.play_billing.zzfa: com.google.android.gms.internal.play_billing.zzfa zzb
com.google.android.gms.internal.games_v2.zzcm: int zzb
com.google.android.gms.auth.api.AuthProxyOptions: com.google.android.gms.auth.api.AuthProxyOptions zza
com.google.android.gms.common.ConnectionResult: int API_DISABLED_FOR_CONNECTION
com.google.android.gms.internal.auth.zzby: com.google.android.gms.internal.auth.zzby zzL
com.google.android.gms.auth.api.R$attr: int nestedScrollViewStyle
com.google.android.gms.auth.api.proxy.ProxyRequest: int HTTP_METHOD_OPTIONS
com.epicgames.unreal.WebViewControl$FrameUpdateInfo: float VScale
com.google.android.gms.internal.auth.zzct: android.content.Context zza
com.google.android.gms.games.Games: com.google.android.gms.common.api.Scope zzb
com.epicgames.unreal.BitmapRenderer$FrameData: boolean frameReady
com.google.android.gms.auth.api.R$id: int adjust_height
com.google.android.gms.internal.play_billing.zzfa: com.google.android.gms.internal.play_billing.zzfa zzI
com.google.android.gms.games.video.VideoConfiguration: android.os.Parcelable$Creator CREATOR
com.google.android.gms.internal.auth.zzby: com.google.android.gms.internal.auth.zzby zzJ
com.google.android.gms.internal.auth.zzby: com.google.android.gms.internal.auth.zzby zzad
com.google.android.gms.internal.play_billing.zzfa: com.google.android.gms.internal.play_billing.zzfa zzE
com.google.android.gms.auth.api.proxy.ProxyRequest: int HTTP_METHOD_PUT
com.google.android.gms.fido.fido2.api.common.AuthenticatorErrorResponse: android.os.Parcelable$Creator CREATOR
com.google.android.gms.internal.play_billing.zzhs: com.google.android.gms.internal.play_billing.zzhs zzo
com.google.android.gms.internal.auth.zzhv: com.google.android.gms.internal.auth.zzdc zzl
com.google.android.gms.internal.play_billing.zzfa: com.google.android.gms.internal.play_billing.zzfa zzz
com.google.android.gms.internal.auth.zzhv: com.google.android.gms.internal.auth.zzdc zzi
com.google.android.gms.common.api.internal.zat: com.google.android.gms.common.api.Api zaa
com.google.android.gms.games.GamesClientStatusCodes: int NETWORK_ERROR_OPERATION_FAILED
com.google.android.gms.auth.api.proxy.ProxyResponse: int googlePlayServicesStatusCode
com.android.vending.billing.util.Base64: boolean DECODE
com.google.android.gms.internal.auth.zzbb: android.app.PendingIntent zzc
com.google.android.gms.fido.fido2.api.common.KeyProtectionTypes: short KEY_PROTECTION_TEE
com.google.android.gms.internal.drive.zznm: com.google.android.gms.internal.drive.zznm zzxd
com.google.android.gms.internal.drive.zzhs: com.google.android.gms.drive.metadata.MetadataField zzjt
com.google.android.gms.internal.games_v2.zzda: int zzc
com.google.android.gms.dynamite.DynamiteModule$VersionPolicy$SelectionResult: int selection
com.google.android.gms.internal.play_billing.zzib: int zze
com.google.android.gms.common.util.GmsVersion: int VERSION_QUESO
com.google.android.gms.internal.drive.zzks: com.google.android.gms.internal.drive.zzks zzsz
com.google.android.gms.location.LocationAvailability: android.os.Parcelable$Creator CREATOR