ProjectFirstClass 5.6/Intermediate/Android/gradle/app/build/outputs/mapping/release/usage.txt
com.google.firebase.FirebaseApiNotAvailableException
com.google.firebase.FirebaseException
com.google.firebase.FirebaseExceptionMapper
com.google.firebase.encoders.DataEncoder:
    public abstract java.lang.String encode(java.lang.Object)
com.google.firebase.encoders.ObjectEncoderContext:
    public abstract com.google.firebase.encoders.ObjectEncoderContext add(com.google.firebase.encoders.FieldDescriptor,double)
    public abstract com.google.firebase.encoders.ObjectEncoderContext add(com.google.firebase.encoders.FieldDescriptor,float)
    public abstract com.google.firebase.encoders.ObjectEncoderContext add(com.google.firebase.encoders.FieldDescriptor,int)
    public abstract com.google.firebase.encoders.ObjectEncoderContext add(com.google.firebase.encoders.FieldDescriptor,boolean)
    public abstract com.google.firebase.encoders.ObjectEncoderContext add(java.lang.String,double)
    public abstract com.google.firebase.encoders.ObjectEncoderContext add(java.lang.String,int)
    public abstract com.google.firebase.encoders.ObjectEncoderContext add(java.lang.String,long)
    public abstract com.google.firebase.encoders.ObjectEncoderContext add(java.lang.String,java.lang.Object)
    public abstract com.google.firebase.encoders.ObjectEncoderContext add(java.lang.String,boolean)
    public abstract com.google.firebase.encoders.ObjectEncoderContext inline(java.lang.Object)
    public abstract com.google.firebase.encoders.ObjectEncoderContext nested(com.google.firebase.encoders.FieldDescriptor)
    public abstract com.google.firebase.encoders.ObjectEncoderContext nested(java.lang.String)
com.google.firebase.encoders.ValueEncoderContext:
    public abstract com.google.firebase.encoders.ValueEncoderContext add(double)
    public abstract com.google.firebase.encoders.ValueEncoderContext add(float)
    public abstract com.google.firebase.encoders.ValueEncoderContext add(int)
    public abstract com.google.firebase.encoders.ValueEncoderContext add(long)
    public abstract com.google.firebase.encoders.ValueEncoderContext add(byte[])
com.google.firebase.encoders.annotations.Encodable$Field
com.google.firebase.encoders.annotations.Encodable$Ignore
com.google.firebase.encoders.annotations.Encodable
com.google.firebase.encoders.annotations.ExtraProperty
com.google.firebase.encoders.config.EncoderConfig:
    public abstract com.google.firebase.encoders.config.EncoderConfig registerEncoder(java.lang.Class,com.google.firebase.encoders.ValueEncoder)
com.google.firebase.encoders.json.BuildConfig
com.google.firebase.encoders.json.JsonDataEncoderBuilder$1:
    public java.lang.String encode(java.lang.Object)
com.google.firebase.encoders.json.JsonDataEncoderBuilder:
    public synthetic bridge com.google.firebase.encoders.config.EncoderConfig registerEncoder(java.lang.Class,com.google.firebase.encoders.ValueEncoder)
    public com.google.firebase.encoders.json.JsonDataEncoderBuilder registerFallbackEncoder(com.google.firebase.encoders.ObjectEncoder)